<?xml version="1.0" encoding="UTF-8"?>
<!-- Generated by org.testng.reporters.JUnitXMLReporter -->
<testsuite hostname="cpj" name="Login" tests="5" failures="0" timestamp="31 Aug 2017 03:42:12 GMT" time="0.019" errors="0">
  <testcase name="@BeforeSuite beforeSuite" time="0.0" classname="com.yiibai.primera.testng.cases.LoginTest">
    <failure type="org.openqa.selenium.SessionNotCreatedException" message="A new session could not be created. (Original error: Activity used to start app doesn&amp;apos;t exist or cannot be launched! Make sure it exists and is a launchable activity) (WARNING: The server did not provide any stacktrace information)
Command duration or timeout: 0 milliseconds
Build info: version: &amp;apos;3.3.1&amp;apos;, revision: &amp;apos;5234b325d5&amp;apos;, time: &amp;apos;2017-03-10 09:10:29 +0000&amp;apos;
System info: host: &amp;apos;CPJ&amp;apos;, ip: &amp;apos;10.20.22.184&amp;apos;, os.name: &amp;apos;Windows 7&amp;apos;, os.arch: &amp;apos;amd64&amp;apos;, os.version: &amp;apos;6.1&amp;apos;, java.version: &amp;apos;1.8.0_51&amp;apos;
Driver info: driver.version: AndroidDriver">
      <![CDATA[org.openqa.selenium.SessionNotCreatedException: A new session could not be created. (Original error: Activity used to start app doesn't exist or cannot be launched! Make sure it exists and is a launchable activity) (WARNING: The server did not provide any stacktrace information)
Command duration or timeout: 0 milliseconds
Build info: version: '3.3.1', revision: '5234b325d5', time: '2017-03-10 09:10:29 +0000'
System info: host: 'CPJ', ip: '10.20.22.184', os.name: 'Windows 7', os.arch: 'amd64', os.version: '6.1', java.version: '1.8.0_51'
Driver info: driver.version: AndroidDriver
	at org.openqa.selenium.remote.ErrorHandler.createThrowable(ErrorHandler.java:216)
	at org.openqa.selenium.remote.ErrorHandler.throwIfResponseFailed(ErrorHandler.java:168)
	at org.openqa.selenium.remote.ProtocolHandshake.createSession(ProtocolHandshake.java:367)
	at org.openqa.selenium.remote.ProtocolHandshake.createSession(ProtocolHandshake.java:113)
	at org.openqa.selenium.remote.HttpCommandExecutor.execute(HttpCommandExecutor.java:141)
	at io.appium.java_client.remote.AppiumCommandExecutor.execute(AppiumCommandExecutor.java:69)
	at org.openqa.selenium.remote.RemoteWebDriver.execute(RemoteWebDriver.java:604)
	at io.appium.java_client.DefaultGenericMobileDriver.execute(DefaultGenericMobileDriver.java:40)
	at io.appium.java_client.AppiumDriver.execute(AppiumDriver.java:1)
	at io.appium.java_client.android.AndroidDriver.execute(AndroidDriver.java:1)
	at org.openqa.selenium.remote.RemoteWebDriver.startSession(RemoteWebDriver.java:244)
	at org.openqa.selenium.remote.RemoteWebDriver.<init>(RemoteWebDriver.java:131)
	at org.openqa.selenium.remote.RemoteWebDriver.<init>(RemoteWebDriver.java:144)
	at io.appium.java_client.DefaultGenericMobileDriver.<init>(DefaultGenericMobileDriver.java:36)
	at io.appium.java_client.AppiumDriver.<init>(AppiumDriver.java:114)
	at io.appium.java_client.AppiumDriver.<init>(AppiumDriver.java:132)
	at io.appium.java_client.android.AndroidDriver.<init>(AndroidDriver.java:92)
	at com.yiibai.primera.testng.base.InitAppium.beforeSuite(InitAppium.java:110)
... Removed 22 stack frames]]>
    </failure>
  </testcase> <!-- @BeforeSuite beforeSuite -->
  <testcase name="@BeforeClass initDriver" time="0.0" classname="com.yiibai.primera.testng.cases.LoginTest">
    <skipped/>
  </testcase> <!-- @BeforeClass initDriver -->
  <testcase name="@AfterClass afterClass" time="0.0" classname="com.yiibai.primera.testng.cases.LoginTest">
    <skipped/>
  </testcase> <!-- @AfterClass afterClass -->
  <testcase name="@AfterTest afterTest" time="0.0" classname="com.yiibai.primera.testng.cases.LoginTest">
    <skipped/>
  </testcase> <!-- @AfterTest afterTest -->
  <testcase name="loginErrorUser" time="0.002" classname="com.yiibai.primera.testng.cases.LoginTest">
    <skipped/>
  </testcase> <!-- loginErrorUser -->
  <testcase name="loginErrorNum" time="0.001" classname="com.yiibai.primera.testng.cases.LoginTest">
    <skipped/>
  </testcase> <!-- loginErrorNum -->
  <testcase name="loginChinese" time="0.0" classname="com.yiibai.primera.testng.cases.LoginTest">
    <skipped/>
  </testcase> <!-- loginChinese -->
  <testcase name="loginEmpty" time="0.0" classname="com.yiibai.primera.testng.cases.LoginTest">
    <skipped/>
  </testcase> <!-- loginEmpty -->
  <testcase name="loginConfim" time="0.001" classname="com.yiibai.primera.testng.cases.LoginTest">
    <skipped/>
  </testcase> <!-- loginConfim -->
</testsuite> <!-- Login -->
