<?xml version="1.0" encoding="UTF-8"?>
<!-- Generated by org.testng.reporters.JUnitXMLReporter -->
<testsuite hostname="cpj" name="PersonalCenter" tests="1" failures="1" timestamp="24 Aug 2017 09:07:16 GMT" time="16.018" errors="0">
  <testcase name="myCollection" time="14.585" classname="com.yiibai.primera.testng.cases.PersonalCenter">
    <failure type="java.lang.AssertionError" message="测试我的收藏---取消第一条收藏的新闻是否成功 expected [true] but found [false]">
      <![CDATA[java.lang.AssertionError: 测试我的收藏---取消第一条收藏的新闻是否成功 expected [true] but found [false]
	at com.yiibai.primera.testng.cases.PersonalCenter.myCollection(PersonalCenter.java:37)
... Removed 27 stack frames]]>
    </failure>
  </testcase> <!-- myCollection -->
</testsuite> <!-- PersonalCenter -->
