<?xml version="1.0" encoding="UTF-8"?>
<!-- Generated by org.testng.reporters.JUnitXMLReporter -->
<testsuite hostname="cpj" name="testLogin" tests="5" failures="0" timestamp="31 Aug 2017 01:56:59 GMT" time="0.013" errors="0">
  <testcase name="@BeforeClass initDriver" time="0.0" classname="com.yiibai.primera.testng.cases.LoginTest">
    <failure type="java.lang.AssertionError" message="expected object to not be null">
      <![CDATA[java.lang.AssertionError: expected object to not be null
	at com.yiibai.primera.testng.cases.LoginTest.initDriver(LoginTest.java:23)
... Removed 27 stack frames]]>
    </failure>
  </testcase> <!-- @BeforeClass initDriver -->
  <testcase name="@AfterClass afterClass" time="0.0" classname="com.yiibai.primera.testng.cases.LoginTest">
    <skipped/>
  </testcase> <!-- @AfterClass afterClass -->
  <testcase name="@AfterTest afterTest" time="0.0" classname="com.yiibai.primera.testng.cases.LoginTest">
    <skipped/>
  </testcase> <!-- @AfterTest afterTest -->
  <testcase name="loginErrorUser" time="0.001" classname="com.yiibai.primera.testng.cases.LoginTest">
    <skipped/>
  </testcase> <!-- loginErrorUser -->
  <testcase name="loginErrorNum" time="0.0" classname="com.yiibai.primera.testng.cases.LoginTest">
    <skipped/>
  </testcase> <!-- loginErrorNum -->
  <testcase name="loginChinese" time="0.001" classname="com.yiibai.primera.testng.cases.LoginTest">
    <skipped/>
  </testcase> <!-- loginChinese -->
  <testcase name="loginEmpty" time="0.001" classname="com.yiibai.primera.testng.cases.LoginTest">
    <skipped/>
  </testcase> <!-- loginEmpty -->
  <testcase name="loginConfim" time="0.001" classname="com.yiibai.primera.testng.cases.LoginTest">
    <skipped/>
  </testcase> <!-- loginConfim -->
</testsuite> <!-- testLogin -->
