<?xml version="1.0" encoding="UTF-8"?>
<!-- Generated by org.testng.reporters.JUnitXMLReporter -->
<testsuite hostname="cpj" name="testPersonalCenter" tests="1" failures="1" timestamp="31 Aug 2017 01:57:18 GMT" time="18.344" errors="0">
  <testcase name="myCollection" time="16.954" classname="com.yiibai.primera.testng.cases.PersonalCenterTest">
    <failure type="java.lang.AssertionError" message="测试我的收藏---取消第一条收藏的新闻是否成功 expected [true] but found [false]">
      <![CDATA[java.lang.AssertionError: 测试我的收藏---取消第一条收藏的新闻是否成功 expected [true] but found [false]
	at com.yiibai.primera.testng.cases.PersonalCenterTest.myCollection(PersonalCenterTest.java:37)
... Removed 27 stack frames]]>
    </failure>
  </testcase> <!-- myCollection -->
</testsuite> <!-- testPersonalCenter -->
