<?xml version="1.0" encoding="UTF-8"?>
<!-- Generated by org.testng.reporters.JUnitXMLReporter -->
<testsuite hostname="cpj" name="testNewsDetails" tests="6" failures="0" timestamp="31 Aug 2017 01:56:59 GMT" time="0.018" errors="0">
  <testcase name="@BeforeClass initDriver" time="0.0" classname="com.yiibai.primera.testng.cases.NewsDetailsTest">
    <failure type="java.lang.AssertionError" message="expected object to not be null">
      <![CDATA[java.lang.AssertionError: expected object to not be null
	at com.yiibai.primera.testng.cases.NewsDetailsTest.initDriver(NewsDetailsTest.java:24)
... Removed 27 stack frames]]>
    </failure>
  </testcase> <!-- @BeforeClass initDriver -->
  <testcase name="@AfterClass afterClass" time="0.0" classname="com.yiibai.primera.testng.cases.NewsDetailsTest">
    <skipped/>
  </testcase> <!-- @AfterClass afterClass -->
  <testcase name="@AfterTest afterTest" time="0.0" classname="com.yiibai.primera.testng.cases.NewsDetailsTest">
    <skipped/>
  </testcase> <!-- @AfterTest afterTest -->
  <testcase name="collect" time="0.001" classname="com.yiibai.primera.testng.cases.NewsDetailsTest">
    <skipped/>
  </testcase> <!-- collect -->
  <testcase name="like" time="0.002" classname="com.yiibai.primera.testng.cases.NewsDetailsTest">
    <skipped/>
  </testcase> <!-- like -->
  <testcase name="fontSize" time="0.002" classname="com.yiibai.primera.testng.cases.NewsDetailsTest">
    <skipped/>
  </testcase> <!-- fontSize -->
  <testcase name="imageSwitch" time="0.001" classname="com.yiibai.primera.testng.cases.NewsDetailsTest">
    <skipped/>
  </testcase> <!-- imageSwitch -->
  <testcase name="comment" time="0.001" classname="com.yiibai.primera.testng.cases.NewsDetailsTest">
    <skipped/>
  </testcase> <!-- comment -->
  <testcase name="share" time="0.0" classname="com.yiibai.primera.testng.cases.NewsDetailsTest">
    <skipped/>
  </testcase> <!-- share -->
</testsuite> <!-- testNewsDetails -->
