<?xml version="1.0" encoding="UTF-8"?>
<!-- Generated by org.testng.reporters.JUnitXMLReporter -->
<testsuite hostname="cpj" name="testAll" tests="9" failures="2" timestamp="4 Sep 2017 10:19:48 GMT" time="249.824" errors="0">
  <testcase name="menusEdit" time="73.698" classname="com.yiibai.primera.testng.cases.HomeTest"/>
  <testcase name="search1" time="21.896" classname="com.yiibai.primera.testng.cases.HomeTest"/>
  <testcase name="search2" time="8.362" classname="com.yiibai.primera.testng.cases.HomeTest">
    <failure type="java.lang.Throwable">
      <![CDATA[java.lang.Throwable
	at 
报错信息: 首页搜索验证 expected [true] but found [false].
报错方法名:search2(
报错类:HomeTest
报错行号:67)
	at com.yiibai.primera.testng.cases.HomeTest.search2(HomeTest.java:67)
]]>
    </failure>
  </testcase> <!-- search2 -->
  <testcase name="morningPaper" time="7.832" classname="com.yiibai.primera.testng.cases.HomeTest"/>
  <testcase name="loginErrorUser" time="4.735" classname="com.yiibai.primera.testng.cases.LoginTest"/>
  <testcase name="loginErrorNum" time="4.134" classname="com.yiibai.primera.testng.cases.LoginTest"/>
  <testcase name="loginChinese" time="38.753" classname="com.yiibai.primera.testng.cases.LoginTest"/>
  <testcase name="loginEmpty" time="4.295" classname="com.yiibai.primera.testng.cases.LoginTest"/>
  <testcase name="loginConfim" time="4.232" classname="com.yiibai.primera.testng.cases.LoginTest">
    <failure type="java.lang.AssertionError" message="帐号密码对的情况登录 expected [true] but found [false]">
      <![CDATA[java.lang.AssertionError: 帐号密码对的情况登录 expected [true] but found [false]
	at com.yiibai.primera.testng.cases.LoginTest.loginConfim(LoginTest.java:76)
... Removed 27 stack frames]]>
    </failure>
  </testcase> <!-- loginConfim -->
</testsuite> <!-- testAll -->
