<?xml version="1.0" encoding="UTF-8"?>
<!-- Generated by org.testng.reporters.JUnitXMLReporter -->
<testsuite hostname="cpj" name="testRegister" tests="14" failures="0" timestamp="31 Aug 2017 01:56:59 GMT" time="0.024" errors="0">
  <testcase name="@BeforeClass initDriver" time="0.0" classname="com.yiibai.primera.testng.cases.RegisterTest">
    <failure type="java.lang.AssertionError" message="expected object to not be null">
      <![CDATA[java.lang.AssertionError: expected object to not be null
	at com.yiibai.primera.testng.cases.RegisterTest.initDriver(RegisterTest.java:25)
... Removed 27 stack frames]]>
    </failure>
  </testcase> <!-- @BeforeClass initDriver -->
  <testcase name="@AfterClass afterClass" time="0.0" classname="com.yiibai.primera.testng.cases.RegisterTest">
    <skipped/>
  </testcase> <!-- @AfterClass afterClass -->
  <testcase name="@AfterTest afterTest" time="0.0" classname="com.yiibai.primera.testng.cases.RegisterTest">
    <skipped/>
  </testcase> <!-- @AfterTest afterTest -->
  <testcase name="EmailMissKeyChars" time="0.001" classname="com.yiibai.primera.testng.cases.RegisterTest">
    <skipped/>
  </testcase> <!-- EmailMissKeyChars -->
  <testcase name="EmailMissKeyCharSpot" time="0.001" classname="com.yiibai.primera.testng.cases.RegisterTest">
    <skipped/>
  </testcase> <!-- EmailMissKeyCharSpot -->
  <testcase name="EmailMissKeyCharAit" time="0.0" classname="com.yiibai.primera.testng.cases.RegisterTest">
    <skipped/>
  </testcase> <!-- EmailMissKeyCharAit -->
  <testcase name="EmailOnlyCharAitEnd" time="0.0" classname="com.yiibai.primera.testng.cases.RegisterTest">
    <skipped/>
  </testcase> <!-- EmailOnlyCharAitEnd -->
  <testcase name="EmailOnlyCharSpotEnd" time="0.0" classname="com.yiibai.primera.testng.cases.RegisterTest">
    <skipped/>
  </testcase> <!-- EmailOnlyCharSpotEnd -->
  <testcase name="EmailSpotEnd" time="0.0" classname="com.yiibai.primera.testng.cases.RegisterTest">
    <skipped/>
  </testcase> <!-- EmailSpotEnd -->
  <testcase name="EmailAitEnd" time="0.001" classname="com.yiibai.primera.testng.cases.RegisterTest">
    <skipped/>
  </testcase> <!-- EmailAitEnd -->
  <testcase name="EmailWrong" time="0.0" classname="com.yiibai.primera.testng.cases.RegisterTest">
    <skipped/>
  </testcase> <!-- EmailWrong -->
  <testcase name="PwdLessThanSix" time="0.0" classname="com.yiibai.primera.testng.cases.RegisterTest">
    <skipped/>
  </testcase> <!-- PwdLessThanSix -->
  <testcase name="PwdMoreThanTwentyFive" time="0.001" classname="com.yiibai.primera.testng.cases.RegisterTest">
    <skipped/>
  </testcase> <!-- PwdMoreThanTwentyFive -->
  <testcase name="PwdIsChinese" time="0.001" classname="com.yiibai.primera.testng.cases.RegisterTest">
    <skipped/>
  </testcase> <!-- PwdIsChinese -->
  <testcase name="PwdIsNull" time="0.001" classname="com.yiibai.primera.testng.cases.RegisterTest">
    <skipped/>
  </testcase> <!-- PwdIsNull -->
  <testcase name="RegisterExited" time="0.0" classname="com.yiibai.primera.testng.cases.RegisterTest">
    <skipped/>
  </testcase> <!-- RegisterExited -->
  <testcase name="RegisterOk" time="0.0" classname="com.yiibai.primera.testng.cases.RegisterTest">
    <skipped/>
  </testcase> <!-- RegisterOk -->
</testsuite> <!-- testRegister -->
