<?xml version="1.0" encoding="UTF-8"?>
<!-- Generated by org.testng.reporters.JUnitXMLReporter -->
<testsuite hostname="cpj" name="testHome" tests="30" failures="0" timestamp="31 Aug 2017 01:59:59 GMT" time="0.11" errors="0">
  <testcase name="@BeforeClass initDriver" time="0.0" classname="com.yiibai.primera.testng.cases.HomeTest">
    <failure type="java.lang.AssertionError" message="expected object to not be null">
      <![CDATA[java.lang.AssertionError: expected object to not be null
	at com.yiibai.primera.testng.cases.HomeTest.initDriver(HomeTest.java:27)
... Removed 27 stack frames]]>
    </failure>
  </testcase> <!-- @BeforeClass initDriver -->
  <testcase name="@AfterClass afterClass" time="0.0" classname="com.yiibai.primera.testng.cases.HomeTest">
    <skipped/>
  </testcase> <!-- @AfterClass afterClass -->
  <testcase name="@BeforeClass initDriver" time="0.0" classname="com.yiibai.primera.testng.cases.RegisterTest">
    <skipped/>
  </testcase> <!-- @BeforeClass initDriver -->
  <testcase name="@AfterClass afterClass" time="0.0" classname="com.yiibai.primera.testng.cases.RegisterTest">
    <skipped/>
  </testcase> <!-- @AfterClass afterClass -->
  <testcase name="@BeforeClass initDriver" time="0.0" classname="com.yiibai.primera.testng.cases.LoginTest">
    <skipped/>
  </testcase> <!-- @BeforeClass initDriver -->
  <testcase name="@AfterClass afterClass" time="0.0" classname="com.yiibai.primera.testng.cases.LoginTest">
    <skipped/>
  </testcase> <!-- @AfterClass afterClass -->
  <testcase name="@BeforeClass initDriver" time="0.0" classname="com.yiibai.primera.testng.cases.PersonalCenterTest">
    <skipped/>
  </testcase> <!-- @BeforeClass initDriver -->
  <testcase name="@AfterClass afterClass" time="0.0" classname="com.yiibai.primera.testng.cases.PersonalCenterTest">
    <skipped/>
  </testcase> <!-- @AfterClass afterClass -->
  <testcase name="@BeforeClass initDriver" time="0.0" classname="com.yiibai.primera.testng.cases.NewsDetailsTest">
    <skipped/>
  </testcase> <!-- @BeforeClass initDriver -->
  <testcase name="@AfterClass afterClass" time="0.0" classname="com.yiibai.primera.testng.cases.NewsDetailsTest">
    <skipped/>
  </testcase> <!-- @AfterClass afterClass -->
  <testcase name="@AfterTest afterTest" time="0.0" classname="com.yiibai.primera.testng.cases.PersonalCenterTest">
    <skipped/>
  </testcase> <!-- @AfterTest afterTest -->
  <testcase name="menusEdit" time="0.002" classname="com.yiibai.primera.testng.cases.HomeTest">
    <skipped/>
  </testcase> <!-- menusEdit -->
  <testcase name="search1" time="0.002" classname="com.yiibai.primera.testng.cases.HomeTest">
    <skipped/>
  </testcase> <!-- search1 -->
  <testcase name="search2" time="0.001" classname="com.yiibai.primera.testng.cases.HomeTest">
    <skipped/>
  </testcase> <!-- search2 -->
  <testcase name="morningPaper" time="0.002" classname="com.yiibai.primera.testng.cases.HomeTest">
    <skipped/>
  </testcase> <!-- morningPaper -->
  <testcase name="EmailMissKeyChars" time="0.0" classname="com.yiibai.primera.testng.cases.RegisterTest">
    <skipped/>
  </testcase> <!-- EmailMissKeyChars -->
  <testcase name="EmailMissKeyCharSpot" time="0.0" classname="com.yiibai.primera.testng.cases.RegisterTest">
    <skipped/>
  </testcase> <!-- EmailMissKeyCharSpot -->
  <testcase name="EmailMissKeyCharAit" time="0.0" classname="com.yiibai.primera.testng.cases.RegisterTest">
    <skipped/>
  </testcase> <!-- EmailMissKeyCharAit -->
  <testcase name="EmailOnlyCharAitEnd" time="0.008" classname="com.yiibai.primera.testng.cases.RegisterTest">
    <skipped/>
  </testcase> <!-- EmailOnlyCharAitEnd -->
  <testcase name="EmailOnlyCharSpotEnd" time="0.001" classname="com.yiibai.primera.testng.cases.RegisterTest">
    <skipped/>
  </testcase> <!-- EmailOnlyCharSpotEnd -->
  <testcase name="EmailSpotEnd" time="0.002" classname="com.yiibai.primera.testng.cases.RegisterTest">
    <skipped/>
  </testcase> <!-- EmailSpotEnd -->
  <testcase name="EmailAitEnd" time="0.001" classname="com.yiibai.primera.testng.cases.RegisterTest">
    <skipped/>
  </testcase> <!-- EmailAitEnd -->
  <testcase name="EmailWrong" time="0.0" classname="com.yiibai.primera.testng.cases.RegisterTest">
    <skipped/>
  </testcase> <!-- EmailWrong -->
  <testcase name="PwdLessThanSix" time="0.0" classname="com.yiibai.primera.testng.cases.RegisterTest">
    <skipped/>
  </testcase> <!-- PwdLessThanSix -->
  <testcase name="PwdMoreThanTwentyFive" time="0.0" classname="com.yiibai.primera.testng.cases.RegisterTest">
    <skipped/>
  </testcase> <!-- PwdMoreThanTwentyFive -->
  <testcase name="PwdIsChinese" time="0.001" classname="com.yiibai.primera.testng.cases.RegisterTest">
    <skipped/>
  </testcase> <!-- PwdIsChinese -->
  <testcase name="PwdIsNull" time="0.0" classname="com.yiibai.primera.testng.cases.RegisterTest">
    <skipped/>
  </testcase> <!-- PwdIsNull -->
  <testcase name="RegisterExited" time="0.0" classname="com.yiibai.primera.testng.cases.RegisterTest">
    <skipped/>
  </testcase> <!-- RegisterExited -->
  <testcase name="RegisterOk" time="0.001" classname="com.yiibai.primera.testng.cases.RegisterTest">
    <skipped/>
  </testcase> <!-- RegisterOk -->
  <testcase name="loginErrorUser" time="0.0" classname="com.yiibai.primera.testng.cases.LoginTest">
    <skipped/>
  </testcase> <!-- loginErrorUser -->
  <testcase name="loginErrorNum" time="0.002" classname="com.yiibai.primera.testng.cases.LoginTest">
    <skipped/>
  </testcase> <!-- loginErrorNum -->
  <testcase name="loginChinese" time="0.003" classname="com.yiibai.primera.testng.cases.LoginTest">
    <skipped/>
  </testcase> <!-- loginChinese -->
  <testcase name="loginEmpty" time="0.0" classname="com.yiibai.primera.testng.cases.LoginTest">
    <skipped/>
  </testcase> <!-- loginEmpty -->
  <testcase name="loginConfim" time="0.002" classname="com.yiibai.primera.testng.cases.LoginTest">
    <skipped/>
  </testcase> <!-- loginConfim -->
  <testcase name="myCollection" time="0.001" classname="com.yiibai.primera.testng.cases.PersonalCenterTest">
    <skipped/>
  </testcase> <!-- myCollection -->
  <testcase name="collect" time="0.002" classname="com.yiibai.primera.testng.cases.NewsDetailsTest">
    <skipped/>
  </testcase> <!-- collect -->
  <testcase name="like" time="0.0" classname="com.yiibai.primera.testng.cases.NewsDetailsTest">
    <skipped/>
  </testcase> <!-- like -->
  <testcase name="fontSize" time="0.001" classname="com.yiibai.primera.testng.cases.NewsDetailsTest">
    <skipped/>
  </testcase> <!-- fontSize -->
  <testcase name="imageSwitch" time="0.001" classname="com.yiibai.primera.testng.cases.NewsDetailsTest">
    <skipped/>
  </testcase> <!-- imageSwitch -->
  <testcase name="comment" time="0.0" classname="com.yiibai.primera.testng.cases.NewsDetailsTest">
    <skipped/>
  </testcase> <!-- comment -->
  <testcase name="share" time="0.0" classname="com.yiibai.primera.testng.cases.NewsDetailsTest">
    <skipped/>
  </testcase> <!-- share -->
</testsuite> <!-- testHome -->
