<?xml version="1.0" encoding="UTF-8"?>
<!-- Generated by org.testng.reporters.JUnitXMLReporter -->
<testsuite hostname="cpj" name="testAll" tests="44" failures="26" timestamp="22 Sep 2017 04:24:50 GMT" time="1865.961" errors="0">
  <testcase name="morningPaper" time="10.721" classname="com.yiibai.primera.testng.cases.HomeTest"/>
  <testcase name="searchByInputChinese" time="40.622" classname="com.yiibai.primera.testng.cases.HomeTest"/>
  <testcase name="searchByInputEnglish" time="47.786" classname="com.yiibai.primera.testng.cases.HomeTest"/>
  <testcase name="searchByHistory" time="38.82" classname="com.yiibai.primera.testng.cases.HomeTest"/>
  <testcase name="autoMenuEdit" time="97.777" classname="com.yiibai.primera.testng.cases.HomeTest"/>
  <testcase name="clearSearchedHistory" time="13.069" classname="com.yiibai.primera.testng.cases.HomeTest"/>
  <testcase name="imageSwitch" time="9.909" classname="com.yiibai.primera.testng.cases.NewsDetailsTest"/>
  <testcase name="collect" time="7.698" classname="com.yiibai.primera.testng.cases.NewsDetailsTest"/>
  <testcase name="like" time="13.023" classname="com.yiibai.primera.testng.cases.NewsDetailsTest"/>
  <testcase name="fontSize" time="25.084" classname="com.yiibai.primera.testng.cases.NewsDetailsTest"/>
  <testcase name="comment" time="16.16" classname="com.yiibai.primera.testng.cases.NewsDetailsTest"/>
  <testcase name="editUsernameLessThanFourChars" time="34.416" classname="com.yiibai.primera.testng.cases.PersonalCenterTest">
    <failure type="java.lang.Throwable">
      <![CDATA[java.lang.Throwable
	at 
报错信息: 编辑用户昵称失败;---(编辑前后用户昵称不一致); expected [true] but found [false].
报错方法名:editUsernameLessThanFourChars(
报错类:PersonalCenterTest
报错行号:44)
	at com.yiibai.primera.testng.cases.PersonalCenterTest.editUsernameLessThanFourChars(PersonalCenterTest.java:44)
]]>
    </failure>
  </testcase> <!-- editUsernameLessThanFourChars -->
  <testcase name="editUsernameConfirm" time="26.481" classname="com.yiibai.primera.testng.cases.PersonalCenterTest"/>
  <testcase name="editAccountExited" time="32.481" classname="com.yiibai.primera.testng.cases.PersonalCenterTest">
    <failure type="java.lang.Throwable">
      <![CDATA[java.lang.Throwable
	at 
报错信息: 编辑用户登录账号失败; expected [true] but found [false].
报错方法名:editAccountExited(
报错类:PersonalCenterTest
报错行号:54)
	at com.yiibai.primera.testng.cases.PersonalCenterTest.editAccountExited(PersonalCenterTest.java:54)
]]>
    </failure>
  </testcase> <!-- editAccountExited -->
  <testcase name="editAccountLessThanSixChars" time="32.77" classname="com.yiibai.primera.testng.cases.PersonalCenterTest">
    <failure type="java.lang.Throwable">
      <![CDATA[java.lang.Throwable
	at 
报错信息: 编辑用户登录账号失败; expected [true] but found [false].
报错方法名:editAccountLessThanSixChars(
报错类:PersonalCenterTest
报错行号:60)
	at com.yiibai.primera.testng.cases.PersonalCenterTest.editAccountLessThanSixChars(PersonalCenterTest.java:60)
]]>
    </failure>
  </testcase> <!-- editAccountLessThanSixChars -->
  <testcase name="editAccountConfirm" time="29.128" classname="com.yiibai.primera.testng.cases.PersonalCenterTest"/>
  <testcase name="editPasswordEqualOld" time="44.788" classname="com.yiibai.primera.testng.cases.PersonalCenterTest">
    <failure type="java.lang.Throwable">
      <![CDATA[java.lang.Throwable
	at 
报错信息: 修改用户登录密码失败; expected [true] but found [false].
报错方法名:editPasswordEqualOld(
报错类:PersonalCenterTest
报错行号:76)
	at com.yiibai.primera.testng.cases.PersonalCenterTest.editPasswordEqualOld(PersonalCenterTest.java:76)
]]>
    </failure>
  </testcase> <!-- editPasswordEqualOld -->
  <testcase name="editPasswordWrongOldPwd" time="42.306" classname="com.yiibai.primera.testng.cases.PersonalCenterTest">
    <failure type="java.lang.Throwable">
      <![CDATA[java.lang.Throwable
	at 
报错信息: 修改用户登录密码失败; expected [true] but found [false].
报错方法名:editPasswordWrongOldPwd(
报错类:PersonalCenterTest
报错行号:82)
	at com.yiibai.primera.testng.cases.PersonalCenterTest.editPasswordWrongOldPwd(PersonalCenterTest.java:82)
]]>
    </failure>
  </testcase> <!-- editPasswordWrongOldPwd -->
  <testcase name="editPasswordLessThanSixChars" time="42.584" classname="com.yiibai.primera.testng.cases.PersonalCenterTest">
    <failure type="java.lang.Throwable">
      <![CDATA[java.lang.Throwable
	at 
报错信息: 修改用户登录密码失败; expected [true] but found [false].
报错方法名:editPasswordLessThanSixChars(
报错类:PersonalCenterTest
报错行号:88)
	at com.yiibai.primera.testng.cases.PersonalCenterTest.editPasswordLessThanSixChars(PersonalCenterTest.java:88)
]]>
    </failure>
  </testcase> <!-- editPasswordLessThanSixChars -->
  <testcase name="editPasswordMoreThanTwentyFiveChars" time="40.893" classname="com.yiibai.primera.testng.cases.PersonalCenterTest">
    <failure type="java.lang.Throwable">
      <![CDATA[java.lang.Throwable
	at 
报错信息: 修改用户登录密码失败; expected [true] but found [false].
报错方法名:editPasswordMoreThanTwentyFiveChars(
报错类:PersonalCenterTest
报错行号:94)
	at com.yiibai.primera.testng.cases.PersonalCenterTest.editPasswordMoreThanTwentyFiveChars(PersonalCenterTest.java:94)
]]>
    </failure>
  </testcase> <!-- editPasswordMoreThanTwentyFiveChars -->
  <testcase name="editPasswordNotEqualWithConfirmed" time="42.912" classname="com.yiibai.primera.testng.cases.PersonalCenterTest">
    <failure type="java.lang.Throwable">
      <![CDATA[java.lang.Throwable
	at 
报错信息: 修改用户登录密码失败; expected [true] but found [false].
报错方法名:editPasswordNotEqualWithConfirmed(
报错类:PersonalCenterTest
报错行号:100)
	at com.yiibai.primera.testng.cases.PersonalCenterTest.editPasswordNotEqualWithConfirmed(PersonalCenterTest.java:100)
]]>
    </failure>
  </testcase> <!-- editPasswordNotEqualWithConfirmed -->
  <testcase name="editPasswordConfirm" time="40.238" classname="com.yiibai.primera.testng.cases.PersonalCenterTest"/>
  <testcase name="clearCache" time="12.579" classname="com.yiibai.primera.testng.cases.PersonalCenterTest"/>
  <testcase name="clearFirstCollection" time="24.187" classname="com.yiibai.primera.testng.cases.PersonalCenterTest"/>
  <testcase name="clearAllCollection" time="7.589" classname="com.yiibai.primera.testng.cases.PersonalCenterTest"/>
  <testcase name="Logout" time="3.321" classname="com.yiibai.primera.testng.cases.PersonalCenterTest">
    <failure type="java.lang.Throwable">
      <![CDATA[java.lang.Throwable
	at 
报错信息: 请定位到APP个人中心界面！ expected [true] but found [false].
报错方法名:Logout(
报错类:PersonalCenterTest
报错行号:145)
	at com.yiibai.primera.testng.cases.PersonalCenterTest.Logout(PersonalCenterTest.java:145)
]]>
    </failure>
  </testcase> <!-- Logout -->
  <testcase name="loginErrorUser" time="46.941" classname="com.yiibai.primera.testng.cases.LoginTest">
    <failure type="java.lang.Throwable">
      <![CDATA[java.lang.Throwable
	at 
报错信息: expected [true] but found [false].
报错方法名:loginErrorUser(
报错类:LoginTest
报错行号:31)
	at com.yiibai.primera.testng.cases.LoginTest.loginErrorUser(LoginTest.java:31)
]]>
    </failure>
  </testcase> <!-- loginErrorUser -->
  <testcase name="loginErrorNum" time="38.566" classname="com.yiibai.primera.testng.cases.LoginTest">
    <failure type="java.lang.Throwable">
      <![CDATA[java.lang.Throwable
	at 
报错信息: expected [true] but found [false].
报错方法名:loginErrorNum(
报错类:LoginTest
报错行号:41)
	at com.yiibai.primera.testng.cases.LoginTest.loginErrorNum(LoginTest.java:41)
]]>
    </failure>
  </testcase> <!-- loginErrorNum -->
  <testcase name="loginChinese" time="38.858" classname="com.yiibai.primera.testng.cases.LoginTest">
    <failure type="java.lang.Throwable">
      <![CDATA[java.lang.Throwable
	at 
报错信息: expected [true] but found [false].
报错方法名:loginChinese(
报错类:LoginTest
报错行号:52)
	at com.yiibai.primera.testng.cases.LoginTest.loginChinese(LoginTest.java:52)
]]>
    </failure>
  </testcase> <!-- loginChinese -->
  <testcase name="loginConfim" time="41.769" classname="com.yiibai.primera.testng.cases.LoginTest">
    <failure type="java.lang.AssertionError" message="帐号密码对的情况登录 expected [true] but found [false]">
      <![CDATA[java.lang.AssertionError: 帐号密码对的情况登录 expected [true] but found [false]
	at 
报错信息: expected [true] but found [false].
报错方法名:loginConfim(
报错类:LoginTest
报错行号:73)
	at com.yiibai.primera.testng.cases.LoginTest.loginConfim(LoginTest.java:73)
	at com.yiibai.primera.testng.cases.LoginTest.loginConfim(LoginTest.java:74)
]]>
    </failure>
  </testcase> <!-- loginConfim -->
  <testcase name="loginConfim2" time="36.168" classname="com.yiibai.primera.testng.cases.LoginTest"/>
  <testcase name="EmailMissKeyChars" time="58.315" classname="com.yiibai.primera.testng.cases.RegisterTest">
    <failure type="java.lang.Throwable">
      <![CDATA[java.lang.Throwable
	at 
报错信息: expected [true] but found [false].
报错方法名:EmailMissKeyChars(
报错类:RegisterTest
报错行号:46)
	at com.yiibai.primera.testng.cases.RegisterTest.EmailMissKeyChars(RegisterTest.java:46)
]]>
    </failure>
  </testcase> <!-- EmailMissKeyChars -->
  <testcase name="EmailMissKeyCharSpot" time="52.959" classname="com.yiibai.primera.testng.cases.RegisterTest">
    <failure type="java.lang.Throwable">
      <![CDATA[java.lang.Throwable
	at 
报错信息: expected [true] but found [false].
报错方法名:EmailMissKeyCharSpot(
报错类:RegisterTest
报错行号:56)
	at com.yiibai.primera.testng.cases.RegisterTest.EmailMissKeyCharSpot(RegisterTest.java:56)
]]>
    </failure>
  </testcase> <!-- EmailMissKeyCharSpot -->
  <testcase name="EmailMissKeyCharAit" time="55.367" classname="com.yiibai.primera.testng.cases.RegisterTest">
    <failure type="java.lang.Throwable">
      <![CDATA[java.lang.Throwable
	at 
报错信息: expected [true] but found [false].
报错方法名:EmailMissKeyCharAit(
报错类:RegisterTest
报错行号:66)
	at com.yiibai.primera.testng.cases.RegisterTest.EmailMissKeyCharAit(RegisterTest.java:66)
]]>
    </failure>
  </testcase> <!-- EmailMissKeyCharAit -->
  <testcase name="EmailOnlyCharAitEnd" time="53.638" classname="com.yiibai.primera.testng.cases.RegisterTest">
    <failure type="java.lang.Throwable">
      <![CDATA[java.lang.Throwable
	at 
报错信息: expected [true] but found [false].
报错方法名:EmailOnlyCharAitEnd(
报错类:RegisterTest
报错行号:76)
	at com.yiibai.primera.testng.cases.RegisterTest.EmailOnlyCharAitEnd(RegisterTest.java:76)
]]>
    </failure>
  </testcase> <!-- EmailOnlyCharAitEnd -->
  <testcase name="EmailOnlyCharSpotEnd" time="50.648" classname="com.yiibai.primera.testng.cases.RegisterTest">
    <failure type="java.lang.Throwable">
      <![CDATA[java.lang.Throwable
	at 
报错信息: expected [true] but found [false].
报错方法名:EmailOnlyCharSpotEnd(
报错类:RegisterTest
报错行号:86)
	at com.yiibai.primera.testng.cases.RegisterTest.EmailOnlyCharSpotEnd(RegisterTest.java:86)
]]>
    </failure>
  </testcase> <!-- EmailOnlyCharSpotEnd -->
  <testcase name="EmailSpotEnd" time="52.632" classname="com.yiibai.primera.testng.cases.RegisterTest">
    <failure type="java.lang.Throwable">
      <![CDATA[java.lang.Throwable
	at 
报错信息: expected [true] but found [false].
报错方法名:EmailSpotEnd(
报错类:RegisterTest
报错行号:96)
	at com.yiibai.primera.testng.cases.RegisterTest.EmailSpotEnd(RegisterTest.java:96)
]]>
    </failure>
  </testcase> <!-- EmailSpotEnd -->
  <testcase name="EmailAtEnd" time="53.716" classname="com.yiibai.primera.testng.cases.RegisterTest">
    <failure type="java.lang.Throwable">
      <![CDATA[java.lang.Throwable
	at 
报错信息: expected [true] but found [false].
报错方法名:EmailAtEnd(
报错类:RegisterTest
报错行号:106)
	at com.yiibai.primera.testng.cases.RegisterTest.EmailAtEnd(RegisterTest.java:106)
]]>
    </failure>
  </testcase> <!-- EmailAtEnd -->
  <testcase name="EmailWrong" time="55.05" classname="com.yiibai.primera.testng.cases.RegisterTest">
    <failure type="java.lang.Throwable">
      <![CDATA[java.lang.Throwable
	at 
报错信息: expected [true] but found [false].
报错方法名:EmailWrong(
报错类:RegisterTest
报错行号:116)
	at com.yiibai.primera.testng.cases.RegisterTest.EmailWrong(RegisterTest.java:116)
]]>
    </failure>
  </testcase> <!-- EmailWrong -->
  <testcase name="PwdLessThanSix" time="51.192" classname="com.yiibai.primera.testng.cases.RegisterTest">
    <failure type="java.lang.Throwable">
      <![CDATA[java.lang.Throwable
	at 
报错信息: expected [true] but found [false].
报错方法名:PwdLessThanSix(
报错类:RegisterTest
报错行号:126)
	at com.yiibai.primera.testng.cases.RegisterTest.PwdLessThanSix(RegisterTest.java:126)
]]>
    </failure>
  </testcase> <!-- PwdLessThanSix -->
  <testcase name="PwdMoreThanTwentyFive" time="52.769" classname="com.yiibai.primera.testng.cases.RegisterTest">
    <failure type="java.lang.Throwable">
      <![CDATA[java.lang.Throwable
	at 
报错信息: expected [true] but found [false].
报错方法名:PwdMoreThanTwentyFive(
报错类:RegisterTest
报错行号:136)
	at com.yiibai.primera.testng.cases.RegisterTest.PwdMoreThanTwentyFive(RegisterTest.java:136)
]]>
    </failure>
  </testcase> <!-- PwdMoreThanTwentyFive -->
  <testcase name="PwdIsChinese" time="48.446" classname="com.yiibai.primera.testng.cases.RegisterTest">
    <failure type="java.lang.Throwable">
      <![CDATA[java.lang.Throwable
	at 
报错信息: expected [true] but found [false].
报错方法名:PwdIsChinese(
报错类:RegisterTest
报错行号:146)
	at com.yiibai.primera.testng.cases.RegisterTest.PwdIsChinese(RegisterTest.java:146)
]]>
    </failure>
  </testcase> <!-- PwdIsChinese -->
  <testcase name="RegisterExited" time="50.043" classname="com.yiibai.primera.testng.cases.RegisterTest">
    <failure type="java.lang.Throwable">
      <![CDATA[java.lang.Throwable
	at 
报错信息: expected [true] but found [false].
报错方法名:RegisterExited(
报错类:RegisterTest
报错行号:169)
	at com.yiibai.primera.testng.cases.RegisterTest.RegisterExited(RegisterTest.java:169)
]]>
    </failure>
  </testcase> <!-- RegisterExited -->
  <testcase name="RegisterOk" time="48.9" classname="com.yiibai.primera.testng.cases.RegisterTest">
    <failure type="java.lang.Throwable">
      <![CDATA[java.lang.Throwable
	at 
报错信息: expected [true] but found [false].
报错方法名:RegisterOk(
报错类:RegisterTest
报错行号:36)
	at com.yiibai.primera.testng.cases.RegisterTest.RegisterOk(RegisterTest.java:36)
]]>
    </failure>
  </testcase> <!-- RegisterOk -->
</testsuite> <!-- testAll -->
