<?xml version="1.0" encoding="UTF-8"?>
<testsuite name="testAll"
           tests="7"
           failures="0"
           errors="0"
           skipped="7"
           time="0.004">
  <properties />
  
            <testcase name="afterClass" time="0.0" classname="com.yiibai.primera.testng.cases.LoginTest">
          <skipped />
    </testcase>
            <testcase name="initDriver" time="0.0" classname="com.yiibai.primera.testng.cases.LoginTest">
          <skipped />
    </testcase>
            <testcase name="loginConfim" time="0.0" classname="com.yiibai.primera.testng.cases.LoginTest">
          <skipped />
    </testcase>
            <testcase name="loginErrorUser" time="0.0" classname="com.yiibai.primera.testng.cases.LoginTest">
          <skipped />
    </testcase>
            <testcase name="loginErrorNum" time="0.0" classname="com.yiibai.primera.testng.cases.LoginTest">
          <skipped />
    </testcase>
            <testcase name="loginEmpty" time="0.0" classname="com.yiibai.primera.testng.cases.LoginTest">
          <skipped />
    </testcase>
            <testcase name="loginChinese" time="0.0" classname="com.yiibai.primera.testng.cases.LoginTest">
          <skipped />
    </testcase>
  
  
</testsuite>
