<?xml version="1.0" encoding="UTF-8"?>
<testsuite name="testAll"
           tests="4"
           failures="0"
           errors="0"
           skipped="0"
           time="169.956">
  <properties />
  
  
            <testcase name="loginChinese" time="40.546" classname="com.yiibai.primera.testng.cases.LoginTest" />
                <testcase name="loginConfim" time="39.114" classname="com.yiibai.primera.testng.cases.LoginTest" />
                <testcase name="loginErrorUser" time="46.631" classname="com.yiibai.primera.testng.cases.LoginTest" />
                <testcase name="loginErrorNum" time="43.665" classname="com.yiibai.primera.testng.cases.LoginTest" />
      
</testsuite>
