<?xml version="1.0" encoding="UTF-8"?>
<testsuite name="testAll"
           tests="13"
           failures="13"
           errors="0"
           skipped="0"
           time="683.675">
  <properties />
            <testcase name="EmailSpotEnd" time="52.632" classname="com.yiibai.primera.testng.cases.RegisterTest">
                <failure type="java.lang.Throwable"
                  message="(null)"
              >
<![CDATA[java.lang.Throwable
  
报错信息: expected [true] but found [false].
报错方法名:EmailSpotEnd(
报错类:RegisterTest
报错行号:96)
  com.yiibai.primera.testng.cases.RegisterTest.EmailSpotEnd(RegisterTest.java:96)
]]>
      </failure>

          </testcase>
            <testcase name="RegisterOk" time="48.900" classname="com.yiibai.primera.testng.cases.RegisterTest">
                <failure type="java.lang.Throwable"
                  message="(null)"
              >
<![CDATA[java.lang.Throwable
  
报错信息: expected [true] but found [false].
报错方法名:RegisterOk(
报错类:RegisterTest
报错行号:36)
  com.yiibai.primera.testng.cases.RegisterTest.RegisterOk(RegisterTest.java:36)
]]>
      </failure>

          </testcase>
            <testcase name="EmailMissKeyCharAit" time="55.367" classname="com.yiibai.primera.testng.cases.RegisterTest">
                <failure type="java.lang.Throwable"
                  message="(null)"
              >
<![CDATA[java.lang.Throwable
  
报错信息: expected [true] but found [false].
报错方法名:EmailMissKeyCharAit(
报错类:RegisterTest
报错行号:66)
  com.yiibai.primera.testng.cases.RegisterTest.EmailMissKeyCharAit(RegisterTest.java:66)
]]>
      </failure>

          </testcase>
            <testcase name="PwdLessThanSix" time="51.192" classname="com.yiibai.primera.testng.cases.RegisterTest">
                <failure type="java.lang.Throwable"
                  message="(null)"
              >
<![CDATA[java.lang.Throwable
  
报错信息: expected [true] but found [false].
报错方法名:PwdLessThanSix(
报错类:RegisterTest
报错行号:126)
  com.yiibai.primera.testng.cases.RegisterTest.PwdLessThanSix(RegisterTest.java:126)
]]>
      </failure>

          </testcase>
            <testcase name="EmailWrong" time="55.050" classname="com.yiibai.primera.testng.cases.RegisterTest">
                <failure type="java.lang.Throwable"
                  message="(null)"
              >
<![CDATA[java.lang.Throwable
  
报错信息: expected [true] but found [false].
报错方法名:EmailWrong(
报错类:RegisterTest
报错行号:116)
  com.yiibai.primera.testng.cases.RegisterTest.EmailWrong(RegisterTest.java:116)
]]>
      </failure>

          </testcase>
            <testcase name="EmailOnlyCharSpotEnd" time="50.648" classname="com.yiibai.primera.testng.cases.RegisterTest">
                <failure type="java.lang.Throwable"
                  message="(null)"
              >
<![CDATA[java.lang.Throwable
  
报错信息: expected [true] but found [false].
报错方法名:EmailOnlyCharSpotEnd(
报错类:RegisterTest
报错行号:86)
  com.yiibai.primera.testng.cases.RegisterTest.EmailOnlyCharSpotEnd(RegisterTest.java:86)
]]>
      </failure>

          </testcase>
            <testcase name="EmailMissKeyChars" time="58.315" classname="com.yiibai.primera.testng.cases.RegisterTest">
                <failure type="java.lang.Throwable"
                  message="(null)"
              >
<![CDATA[java.lang.Throwable
  
报错信息: expected [true] but found [false].
报错方法名:EmailMissKeyChars(
报错类:RegisterTest
报错行号:46)
  com.yiibai.primera.testng.cases.RegisterTest.EmailMissKeyChars(RegisterTest.java:46)
]]>
      </failure>

          </testcase>
            <testcase name="PwdIsChinese" time="48.446" classname="com.yiibai.primera.testng.cases.RegisterTest">
                <failure type="java.lang.Throwable"
                  message="(null)"
              >
<![CDATA[java.lang.Throwable
  
报错信息: expected [true] but found [false].
报错方法名:PwdIsChinese(
报错类:RegisterTest
报错行号:146)
  com.yiibai.primera.testng.cases.RegisterTest.PwdIsChinese(RegisterTest.java:146)
]]>
      </failure>

          </testcase>
            <testcase name="EmailOnlyCharAitEnd" time="53.638" classname="com.yiibai.primera.testng.cases.RegisterTest">
                <failure type="java.lang.Throwable"
                  message="(null)"
              >
<![CDATA[java.lang.Throwable
  
报错信息: expected [true] but found [false].
报错方法名:EmailOnlyCharAitEnd(
报错类:RegisterTest
报错行号:76)
  com.yiibai.primera.testng.cases.RegisterTest.EmailOnlyCharAitEnd(RegisterTest.java:76)
]]>
      </failure>

          </testcase>
            <testcase name="EmailAtEnd" time="53.716" classname="com.yiibai.primera.testng.cases.RegisterTest">
                <failure type="java.lang.Throwable"
                  message="(null)"
              >
<![CDATA[java.lang.Throwable
  
报错信息: expected [true] but found [false].
报错方法名:EmailAtEnd(
报错类:RegisterTest
报错行号:106)
  com.yiibai.primera.testng.cases.RegisterTest.EmailAtEnd(RegisterTest.java:106)
]]>
      </failure>

          </testcase>
            <testcase name="EmailMissKeyCharSpot" time="52.959" classname="com.yiibai.primera.testng.cases.RegisterTest">
                <failure type="java.lang.Throwable"
                  message="(null)"
              >
<![CDATA[java.lang.Throwable
  
报错信息: expected [true] but found [false].
报错方法名:EmailMissKeyCharSpot(
报错类:RegisterTest
报错行号:56)
  com.yiibai.primera.testng.cases.RegisterTest.EmailMissKeyCharSpot(RegisterTest.java:56)
]]>
      </failure>

          </testcase>
            <testcase name="RegisterExited" time="50.043" classname="com.yiibai.primera.testng.cases.RegisterTest">
                <failure type="java.lang.Throwable"
                  message="(null)"
              >
<![CDATA[java.lang.Throwable
  
报错信息: expected [true] but found [false].
报错方法名:RegisterExited(
报错类:RegisterTest
报错行号:169)
  com.yiibai.primera.testng.cases.RegisterTest.RegisterExited(RegisterTest.java:169)
]]>
      </failure>

          </testcase>
            <testcase name="PwdMoreThanTwentyFive" time="52.769" classname="com.yiibai.primera.testng.cases.RegisterTest">
                <failure type="java.lang.Throwable"
                  message="(null)"
              >
<![CDATA[java.lang.Throwable
  
报错信息: expected [true] but found [false].
报错方法名:PwdMoreThanTwentyFive(
报错类:RegisterTest
报错行号:136)
  com.yiibai.primera.testng.cases.RegisterTest.PwdMoreThanTwentyFive(RegisterTest.java:136)
]]>
      </failure>

          </testcase>
  
  
  
</testsuite>
