<?xml version="1.0" encoding="UTF-8"?>
<testsuite name="testAll"
           tests="5"
           failures="0"
           errors="0"
           skipped="0"
           time="71.874">
  <properties />
  
  
            <testcase name="comment" time="16.160" classname="com.yiibai.primera.testng.cases.NewsDetailsTest" />
                <testcase name="fontSize" time="25.084" classname="com.yiibai.primera.testng.cases.NewsDetailsTest" />
                <testcase name="like" time="13.023" classname="com.yiibai.primera.testng.cases.NewsDetailsTest" />
                <testcase name="imageSwitch" time="9.909" classname="com.yiibai.primera.testng.cases.NewsDetailsTest" />
                <testcase name="collect" time="7.698" classname="com.yiibai.primera.testng.cases.NewsDetailsTest" />
      
</testsuite>
