<?xml version="1.0" encoding="UTF-8"?>
<testsuite name="testAll"
           tests="5"
           failures="0"
           errors="0"
           skipped="0"
           time="78.362">
  <properties />
  
  
            <testcase name="fontSize" time="26.512" classname="com.yiibai.primera.testng.cases.NewsDetailsTest" />
                <testcase name="comment" time="18.148" classname="com.yiibai.primera.testng.cases.NewsDetailsTest" />
                <testcase name="like" time="13.464" classname="com.yiibai.primera.testng.cases.NewsDetailsTest" />
                <testcase name="collect" time="9.294" classname="com.yiibai.primera.testng.cases.NewsDetailsTest" />
                <testcase name="imageSwitch" time="10.944" classname="com.yiibai.primera.testng.cases.NewsDetailsTest" />
      
</testsuite>
