<?xml version="1.0" encoding="UTF-8"?>
<testsuite name="testAll"
           tests="14"
           failures="1"
           errors="0"
           skipped="0"
           time="844.043">
  <properties />
            <testcase name="RegisterOk" time="58.655" classname="com.yiibai.primera.testng.cases.RegisterTest">
                <failure type="java.lang.Throwable"
                  message="(null)"
              >
<![CDATA[java.lang.Throwable
  
报错信息: 邮箱和密码均符合规则的情况下是否注册成功 expected [true] but found [false].
报错方法名:RegisterOk(
报错类:RegisterTest
报错行号:35)
  com.yiibai.primera.testng.cases.RegisterTest.RegisterOk(RegisterTest.java:35)
]]>
      </failure>

          </testcase>
  
  
            <testcase name="EmailSpotEnd" time="60.534" classname="com.yiibai.primera.testng.cases.RegisterTest" />
                <testcase name="EmailAtEnd" time="53.991" classname="com.yiibai.primera.testng.cases.RegisterTest" />
                <testcase name="EmailOnlyCharAitEnd" time="58.849" classname="com.yiibai.primera.testng.cases.RegisterTest" />
                <testcase name="EmailOnlyCharSpotEnd" time="62.195" classname="com.yiibai.primera.testng.cases.RegisterTest" />
                <testcase name="PwdIsNull" time="60.634" classname="com.yiibai.primera.testng.cases.RegisterTest" />
                <testcase name="EmailWrong" time="63.711" classname="com.yiibai.primera.testng.cases.RegisterTest" />
                <testcase name="PwdLessThanSix" time="56.395" classname="com.yiibai.primera.testng.cases.RegisterTest" />
                <testcase name="RegisterExited" time="55.017" classname="com.yiibai.primera.testng.cases.RegisterTest" />
                <testcase name="PwdMoreThanTwentyFive" time="59.357" classname="com.yiibai.primera.testng.cases.RegisterTest" />
                <testcase name="EmailMissKeyCharAit" time="63.274" classname="com.yiibai.primera.testng.cases.RegisterTest" />
                <testcase name="EmailMissKeyChars" time="64.783" classname="com.yiibai.primera.testng.cases.RegisterTest" />
                <testcase name="EmailMissKeyCharSpot" time="68.421" classname="com.yiibai.primera.testng.cases.RegisterTest" />
                <testcase name="PwdIsChinese" time="58.227" classname="com.yiibai.primera.testng.cases.RegisterTest" />
      
</testsuite>
