<?xml version="1.0" encoding="UTF-8"?>
<testsuite name="testAll"
           tests="6"
           failures="0"
           errors="0"
           skipped="0"
           time="248.795">
  <properties />
  
  
            <testcase name="searchByHistory" time="38.820" classname="com.yiibai.primera.testng.cases.HomeTest" />
                <testcase name="searchByInputEnglish" time="47.786" classname="com.yiibai.primera.testng.cases.HomeTest" />
                <testcase name="searchByInputChinese" time="40.622" classname="com.yiibai.primera.testng.cases.HomeTest" />
                <testcase name="clearSearchedHistory" time="13.069" classname="com.yiibai.primera.testng.cases.HomeTest" />
                <testcase name="morningPaper" time="10.721" classname="com.yiibai.primera.testng.cases.HomeTest" />
                <testcase name="autoMenuEdit" time="97.777" classname="com.yiibai.primera.testng.cases.HomeTest" />
      
</testsuite>
