<?xml version="1.0" encoding="UTF-8"?>
<testng-results skipped="0" failed="1" total="27" passed="26">
  <reporter-output>
  </reporter-output>
  <suite name="Suite" duration-ms="1264743" started-at="2017-09-12T10:04:16Z" finished-at="2017-09-12T10:25:20Z">
    <groups>
    </groups>
    <test name="testAll" duration-ms="1264743" started-at="2017-09-12T10:04:16Z" finished-at="2017-09-12T10:25:20Z">
      <class name="com.yiibai.primera.testng.cases.NewsDetailsTest">
        <test-method status="PASS" signature="beforeSuite()[pri:0, instance:com.yiibai.primera.testng.cases.NewsDetailsTest@614ddd49]" name="beforeSuite" is-config="true" duration-ms="39785" started-at="2017-09-12T18:23:52Z" finished-at="2017-09-12T18:24:32Z">
          <reporter-output>
          </reporter-output>
        </test-method> <!-- beforeSuite -->
        <test-method status="PASS" signature="initDriver()[pri:0, instance:com.yiibai.primera.testng.cases.NewsDetailsTest@614ddd49]" name="initDriver" is-config="true" duration-ms="16" started-at="2017-09-12T18:24:32Z" finished-at="2017-09-12T18:24:32Z">
          <reporter-output>
          </reporter-output>
        </test-method> <!-- initDriver -->
        <test-method status="PASS" signature="imageSwitch()[pri:0, instance:com.yiibai.primera.testng.cases.NewsDetailsTest@614ddd49]" name="imageSwitch" duration-ms="12063" started-at="2017-09-12T18:24:32Z" finished-at="2017-09-12T18:24:44Z">
          <reporter-output>
          </reporter-output>
        </test-method> <!-- imageSwitch -->
        <test-method status="PASS" signature="initDriver()[pri:0, instance:com.yiibai.primera.testng.cases.NewsDetailsTest@614ddd49]" name="initDriver" is-config="true" duration-ms="16" started-at="2017-09-12T18:24:44Z" finished-at="2017-09-12T18:24:44Z">
          <reporter-output>
          </reporter-output>
        </test-method> <!-- initDriver -->
        <test-method status="PASS" signature="collect()[pri:0, instance:com.yiibai.primera.testng.cases.NewsDetailsTest@614ddd49]" name="collect" duration-ms="8304" started-at="2017-09-12T18:24:44Z" finished-at="2017-09-12T18:24:52Z">
          <reporter-output>
          </reporter-output>
        </test-method> <!-- collect -->
        <test-method status="PASS" signature="initDriver()[pri:0, instance:com.yiibai.primera.testng.cases.NewsDetailsTest@614ddd49]" name="initDriver" is-config="true" duration-ms="25" started-at="2017-09-12T18:24:52Z" finished-at="2017-09-12T18:24:52Z">
          <reporter-output>
          </reporter-output>
        </test-method> <!-- initDriver -->
        <test-method status="PASS" signature="like()[pri:0, instance:com.yiibai.primera.testng.cases.NewsDetailsTest@614ddd49]" name="like" duration-ms="11030" started-at="2017-09-12T18:24:52Z" finished-at="2017-09-12T18:25:03Z">
          <reporter-output>
          </reporter-output>
        </test-method> <!-- like -->
        <test-method status="PASS" signature="initDriver()[pri:0, instance:com.yiibai.primera.testng.cases.NewsDetailsTest@614ddd49]" name="initDriver" is-config="true" duration-ms="13" started-at="2017-09-12T18:25:03Z" finished-at="2017-09-12T18:25:03Z">
          <reporter-output>
          </reporter-output>
        </test-method> <!-- initDriver -->
        <test-method status="PASS" signature="comment()[pri:0, instance:com.yiibai.primera.testng.cases.NewsDetailsTest@614ddd49]" name="comment" duration-ms="15629" started-at="2017-09-12T18:25:03Z" finished-at="2017-09-12T18:25:19Z">
          <reporter-output>
          </reporter-output>
        </test-method> <!-- comment -->
        <test-method status="PASS" signature="afterClass()[pri:0, instance:com.yiibai.primera.testng.cases.NewsDetailsTest@614ddd49]" name="afterClass" is-config="true" duration-ms="1492" started-at="2017-09-12T18:25:19Z" finished-at="2017-09-12T18:25:20Z">
          <reporter-output>
          </reporter-output>
        </test-method> <!-- afterClass -->
      </class> <!-- com.yiibai.primera.testng.cases.NewsDetailsTest -->
      <class name="com.yiibai.primera.testng.cases.LoginTest">
        <test-method status="PASS" signature="beforeSuite()[pri:0, instance:com.yiibai.primera.testng.cases.LoginTest@76707e36]" name="beforeSuite" is-config="true" duration-ms="39723" started-at="2017-09-12T18:07:09Z" finished-at="2017-09-12T18:07:48Z">
          <reporter-output>
          </reporter-output>
        </test-method> <!-- beforeSuite -->
        <test-method status="PASS" signature="initDriver()[pri:0, instance:com.yiibai.primera.testng.cases.LoginTest@76707e36]" name="initDriver" is-config="true" duration-ms="32" started-at="2017-09-12T18:07:48Z" finished-at="2017-09-12T18:07:48Z">
          <reporter-output>
          </reporter-output>
        </test-method> <!-- initDriver -->
        <test-method status="PASS" signature="loginErrorUser()[pri:0, instance:com.yiibai.primera.testng.cases.LoginTest@76707e36]" name="loginErrorUser" duration-ms="46631" started-at="2017-09-12T18:07:48Z" finished-at="2017-09-12T18:08:35Z">
          <reporter-output>
          </reporter-output>
        </test-method> <!-- loginErrorUser -->
        <test-method status="PASS" signature="initDriver()[pri:0, instance:com.yiibai.primera.testng.cases.LoginTest@76707e36]" name="initDriver" is-config="true" duration-ms="18" started-at="2017-09-12T18:08:35Z" finished-at="2017-09-12T18:08:35Z">
          <reporter-output>
          </reporter-output>
        </test-method> <!-- initDriver -->
        <test-method status="PASS" signature="loginErrorNum()[pri:0, instance:com.yiibai.primera.testng.cases.LoginTest@76707e36]" name="loginErrorNum" duration-ms="43665" started-at="2017-09-12T18:08:35Z" finished-at="2017-09-12T18:09:19Z">
          <reporter-output>
          </reporter-output>
        </test-method> <!-- loginErrorNum -->
        <test-method status="PASS" signature="initDriver()[pri:0, instance:com.yiibai.primera.testng.cases.LoginTest@76707e36]" name="initDriver" is-config="true" duration-ms="16" started-at="2017-09-12T18:09:19Z" finished-at="2017-09-12T18:09:19Z">
          <reporter-output>
          </reporter-output>
        </test-method> <!-- initDriver -->
        <test-method status="PASS" signature="loginChinese()[pri:0, instance:com.yiibai.primera.testng.cases.LoginTest@76707e36]" name="loginChinese" duration-ms="40546" started-at="2017-09-12T18:09:19Z" finished-at="2017-09-12T18:09:59Z">
          <reporter-output>
          </reporter-output>
        </test-method> <!-- loginChinese -->
        <test-method status="PASS" signature="initDriver()[pri:0, instance:com.yiibai.primera.testng.cases.LoginTest@76707e36]" name="initDriver" is-config="true" duration-ms="15" started-at="2017-09-12T18:09:59Z" finished-at="2017-09-12T18:09:59Z">
          <reporter-output>
          </reporter-output>
        </test-method> <!-- initDriver -->
        <test-method status="PASS" signature="loginConfim()[pri:0, instance:com.yiibai.primera.testng.cases.LoginTest@76707e36]" name="loginConfim" duration-ms="39114" started-at="2017-09-12T18:09:59Z" finished-at="2017-09-12T18:10:38Z">
          <reporter-output>
          </reporter-output>
        </test-method> <!-- loginConfim -->
        <test-method status="PASS" signature="afterClass()[pri:0, instance:com.yiibai.primera.testng.cases.LoginTest@76707e36]" name="afterClass" is-config="true" duration-ms="1439" started-at="2017-09-12T18:10:38Z" finished-at="2017-09-12T18:10:40Z">
          <reporter-output>
          </reporter-output>
        </test-method> <!-- afterClass -->
      </class> <!-- com.yiibai.primera.testng.cases.LoginTest -->
      <class name="com.yiibai.primera.testng.cases.RegisterTest">
        <test-method status="PASS" signature="beforeSuite()[pri:0, instance:com.yiibai.primera.testng.cases.RegisterTest@1e6d1014]" name="beforeSuite" is-config="true" duration-ms="39639" started-at="2017-09-12T18:10:40Z" finished-at="2017-09-12T18:11:19Z">
          <reporter-output>
          </reporter-output>
        </test-method> <!-- beforeSuite -->
        <test-method status="PASS" signature="initDriver()[pri:0, instance:com.yiibai.primera.testng.cases.RegisterTest@1e6d1014]" name="initDriver" is-config="true" duration-ms="15" started-at="2017-09-12T18:11:19Z" finished-at="2017-09-12T18:11:19Z">
          <reporter-output>
          </reporter-output>
        </test-method> <!-- initDriver -->
        <test-method status="PASS" signature="EmailMissKeyChars()[pri:0, instance:com.yiibai.primera.testng.cases.RegisterTest@1e6d1014]" name="EmailMissKeyChars" duration-ms="53319" started-at="2017-09-12T18:11:19Z" finished-at="2017-09-12T18:12:13Z">
          <reporter-output>
          </reporter-output>
        </test-method> <!-- EmailMissKeyChars -->
        <test-method status="PASS" signature="initDriver()[pri:0, instance:com.yiibai.primera.testng.cases.RegisterTest@1e6d1014]" name="initDriver" is-config="true" duration-ms="15" started-at="2017-09-12T18:12:13Z" finished-at="2017-09-12T18:12:13Z">
          <reporter-output>
          </reporter-output>
        </test-method> <!-- initDriver -->
        <test-method status="PASS" signature="EmailMissKeyCharSpot()[pri:0, instance:com.yiibai.primera.testng.cases.RegisterTest@1e6d1014]" name="EmailMissKeyCharSpot" duration-ms="48507" started-at="2017-09-12T18:12:13Z" finished-at="2017-09-12T18:13:01Z">
          <reporter-output>
          </reporter-output>
        </test-method> <!-- EmailMissKeyCharSpot -->
        <test-method status="PASS" signature="initDriver()[pri:0, instance:com.yiibai.primera.testng.cases.RegisterTest@1e6d1014]" name="initDriver" is-config="true" duration-ms="15" started-at="2017-09-12T18:13:01Z" finished-at="2017-09-12T18:13:01Z">
          <reporter-output>
          </reporter-output>
        </test-method> <!-- initDriver -->
        <test-method status="PASS" signature="EmailMissKeyCharAit()[pri:0, instance:com.yiibai.primera.testng.cases.RegisterTest@1e6d1014]" name="EmailMissKeyCharAit" duration-ms="51086" started-at="2017-09-12T18:13:01Z" finished-at="2017-09-12T18:13:52Z">
          <reporter-output>
          </reporter-output>
        </test-method> <!-- EmailMissKeyCharAit -->
        <test-method status="PASS" signature="initDriver()[pri:0, instance:com.yiibai.primera.testng.cases.RegisterTest@1e6d1014]" name="initDriver" is-config="true" duration-ms="13" started-at="2017-09-12T18:13:52Z" finished-at="2017-09-12T18:13:52Z">
          <reporter-output>
          </reporter-output>
        </test-method> <!-- initDriver -->
        <test-method status="PASS" signature="EmailOnlyCharAitEnd()[pri:0, instance:com.yiibai.primera.testng.cases.RegisterTest@1e6d1014]" name="EmailOnlyCharAitEnd" duration-ms="50438" started-at="2017-09-12T18:13:52Z" finished-at="2017-09-12T18:14:43Z">
          <reporter-output>
          </reporter-output>
        </test-method> <!-- EmailOnlyCharAitEnd -->
        <test-method status="PASS" signature="initDriver()[pri:0, instance:com.yiibai.primera.testng.cases.RegisterTest@1e6d1014]" name="initDriver" is-config="true" duration-ms="13" started-at="2017-09-12T18:14:43Z" finished-at="2017-09-12T18:14:43Z">
          <reporter-output>
          </reporter-output>
        </test-method> <!-- initDriver -->
        <test-method status="PASS" signature="EmailOnlyCharSpotEnd()[pri:0, instance:com.yiibai.primera.testng.cases.RegisterTest@1e6d1014]" name="EmailOnlyCharSpotEnd" duration-ms="47822" started-at="2017-09-12T18:14:43Z" finished-at="2017-09-12T18:15:31Z">
          <reporter-output>
          </reporter-output>
        </test-method> <!-- EmailOnlyCharSpotEnd -->
        <test-method status="PASS" signature="initDriver()[pri:0, instance:com.yiibai.primera.testng.cases.RegisterTest@1e6d1014]" name="initDriver" is-config="true" duration-ms="20" started-at="2017-09-12T18:15:31Z" finished-at="2017-09-12T18:15:31Z">
          <reporter-output>
          </reporter-output>
        </test-method> <!-- initDriver -->
        <test-method status="PASS" signature="EmailSpotEnd()[pri:0, instance:com.yiibai.primera.testng.cases.RegisterTest@1e6d1014]" name="EmailSpotEnd" duration-ms="49423" started-at="2017-09-12T18:15:31Z" finished-at="2017-09-12T18:16:20Z">
          <reporter-output>
          </reporter-output>
        </test-method> <!-- EmailSpotEnd -->
        <test-method status="PASS" signature="initDriver()[pri:0, instance:com.yiibai.primera.testng.cases.RegisterTest@1e6d1014]" name="initDriver" is-config="true" duration-ms="14" started-at="2017-09-12T18:16:20Z" finished-at="2017-09-12T18:16:20Z">
          <reporter-output>
          </reporter-output>
        </test-method> <!-- initDriver -->
        <test-method status="PASS" signature="EmailAtEnd()[pri:0, instance:com.yiibai.primera.testng.cases.RegisterTest@1e6d1014]" name="EmailAtEnd" duration-ms="48943" started-at="2017-09-12T18:16:20Z" finished-at="2017-09-12T18:17:09Z">
          <reporter-output>
          </reporter-output>
        </test-method> <!-- EmailAtEnd -->
        <test-method status="PASS" signature="initDriver()[pri:0, instance:com.yiibai.primera.testng.cases.RegisterTest@1e6d1014]" name="initDriver" is-config="true" duration-ms="19" started-at="2017-09-12T18:17:09Z" finished-at="2017-09-12T18:17:09Z">
          <reporter-output>
          </reporter-output>
        </test-method> <!-- initDriver -->
        <test-method status="PASS" signature="EmailWrong()[pri:0, instance:com.yiibai.primera.testng.cases.RegisterTest@1e6d1014]" name="EmailWrong" duration-ms="52279" started-at="2017-09-12T18:17:09Z" finished-at="2017-09-12T18:18:01Z">
          <reporter-output>
          </reporter-output>
        </test-method> <!-- EmailWrong -->
        <test-method status="PASS" signature="initDriver()[pri:0, instance:com.yiibai.primera.testng.cases.RegisterTest@1e6d1014]" name="initDriver" is-config="true" duration-ms="16" started-at="2017-09-12T18:18:01Z" finished-at="2017-09-12T18:18:01Z">
          <reporter-output>
          </reporter-output>
        </test-method> <!-- initDriver -->
        <test-method status="PASS" signature="PwdLessThanSix()[pri:0, instance:com.yiibai.primera.testng.cases.RegisterTest@1e6d1014]" name="PwdLessThanSix" duration-ms="46366" started-at="2017-09-12T18:18:01Z" finished-at="2017-09-12T18:18:48Z">
          <reporter-output>
          </reporter-output>
        </test-method> <!-- PwdLessThanSix -->
        <test-method status="PASS" signature="initDriver()[pri:0, instance:com.yiibai.primera.testng.cases.RegisterTest@1e6d1014]" name="initDriver" is-config="true" duration-ms="14" started-at="2017-09-12T18:18:48Z" finished-at="2017-09-12T18:18:48Z">
          <reporter-output>
          </reporter-output>
        </test-method> <!-- initDriver -->
        <test-method status="PASS" signature="PwdMoreThanTwentyFive()[pri:0, instance:com.yiibai.primera.testng.cases.RegisterTest@1e6d1014]" name="PwdMoreThanTwentyFive" duration-ms="45249" started-at="2017-09-12T18:18:48Z" finished-at="2017-09-12T18:19:33Z">
          <reporter-output>
          </reporter-output>
        </test-method> <!-- PwdMoreThanTwentyFive -->
        <test-method status="PASS" signature="initDriver()[pri:0, instance:com.yiibai.primera.testng.cases.RegisterTest@1e6d1014]" name="initDriver" is-config="true" duration-ms="12" started-at="2017-09-12T18:19:33Z" finished-at="2017-09-12T18:19:33Z">
          <reporter-output>
          </reporter-output>
        </test-method> <!-- initDriver -->
        <test-method status="PASS" signature="PwdIsChinese()[pri:0, instance:com.yiibai.primera.testng.cases.RegisterTest@1e6d1014]" name="PwdIsChinese" duration-ms="47176" started-at="2017-09-12T18:19:33Z" finished-at="2017-09-12T18:20:20Z">
          <reporter-output>
          </reporter-output>
        </test-method> <!-- PwdIsChinese -->
        <test-method status="PASS" signature="initDriver()[pri:0, instance:com.yiibai.primera.testng.cases.RegisterTest@1e6d1014]" name="initDriver" is-config="true" duration-ms="15" started-at="2017-09-12T18:20:20Z" finished-at="2017-09-12T18:20:20Z">
          <reporter-output>
          </reporter-output>
        </test-method> <!-- initDriver -->
        <test-method status="PASS" signature="PwdIsNull()[pri:0, instance:com.yiibai.primera.testng.cases.RegisterTest@1e6d1014]" name="PwdIsNull" duration-ms="46984" started-at="2017-09-12T18:20:20Z" finished-at="2017-09-12T18:21:07Z">
          <reporter-output>
          </reporter-output>
        </test-method> <!-- PwdIsNull -->
        <test-method status="PASS" signature="initDriver()[pri:0, instance:com.yiibai.primera.testng.cases.RegisterTest@1e6d1014]" name="initDriver" is-config="true" duration-ms="14" started-at="2017-09-12T18:21:07Z" finished-at="2017-09-12T18:21:07Z">
          <reporter-output>
          </reporter-output>
        </test-method> <!-- initDriver -->
        <test-method status="PASS" signature="RegisterExited()[pri:0, instance:com.yiibai.primera.testng.cases.RegisterTest@1e6d1014]" name="RegisterExited" duration-ms="46642" started-at="2017-09-12T18:21:07Z" finished-at="2017-09-12T18:21:54Z">
          <reporter-output>
          </reporter-output>
        </test-method> <!-- RegisterExited -->
        <test-method status="PASS" signature="initDriver()[pri:0, instance:com.yiibai.primera.testng.cases.RegisterTest@1e6d1014]" name="initDriver" is-config="true" duration-ms="19" started-at="2017-09-12T18:21:54Z" finished-at="2017-09-12T18:21:54Z">
          <reporter-output>
          </reporter-output>
        </test-method> <!-- initDriver -->
        <test-method status="FAIL" signature="RegisterOk()[pri:0, instance:com.yiibai.primera.testng.cases.RegisterTest@1e6d1014]" name="RegisterOk" duration-ms="48042" started-at="2017-09-12T18:21:54Z" finished-at="2017-09-12T18:22:42Z">
          <exception class="java.lang.Throwable">
            <full-stacktrace>
              <![CDATA[java.lang.Throwable
	at 
报错信息: 邮箱和密码均符合规则的情况下是否注册成功 expected [true] but found [false].
报错方法名:RegisterOk(
报错类:RegisterTest
报错行号:35)
	at com.yiibai.primera.testng.cases.RegisterTest.RegisterOk(RegisterTest.java:35)
]]>
            </full-stacktrace>
          </exception> <!-- java.lang.Throwable -->
          <reporter-output>
          </reporter-output>
        </test-method> <!-- RegisterOk -->
        <test-method status="PASS" signature="afterClass()[pri:0, instance:com.yiibai.primera.testng.cases.RegisterTest@1e6d1014]" name="afterClass" is-config="true" duration-ms="1534" started-at="2017-09-12T18:22:42Z" finished-at="2017-09-12T18:22:44Z">
          <reporter-output>
          </reporter-output>
        </test-method> <!-- afterClass -->
      </class> <!-- com.yiibai.primera.testng.cases.RegisterTest -->
      <class name="com.yiibai.primera.testng.cases.HomeTest">
        <test-method status="PASS" signature="beforeSuite()[pri:0, instance:com.yiibai.primera.testng.cases.HomeTest@4f063c0a]" name="beforeSuite" is-config="true" duration-ms="41034" started-at="2017-09-12T18:04:16Z" finished-at="2017-09-12T18:04:57Z">
          <reporter-output>
          </reporter-output>
        </test-method> <!-- beforeSuite -->
        <test-method status="PASS" signature="initDriver()[pri:0, instance:com.yiibai.primera.testng.cases.HomeTest@4f063c0a]" name="initDriver" is-config="true" duration-ms="22" started-at="2017-09-12T18:04:57Z" finished-at="2017-09-12T18:04:57Z">
          <reporter-output>
          </reporter-output>
        </test-method> <!-- initDriver -->
        <test-method status="PASS" signature="menusEdit()[pri:0, instance:com.yiibai.primera.testng.cases.HomeTest@4f063c0a]" name="menusEdit" duration-ms="46525" started-at="2017-09-12T18:04:57Z" finished-at="2017-09-12T18:05:43Z">
          <reporter-output>
          </reporter-output>
        </test-method> <!-- menusEdit -->
        <test-method status="PASS" signature="initDriver()[pri:0, instance:com.yiibai.primera.testng.cases.HomeTest@4f063c0a]" name="initDriver" is-config="true" duration-ms="12" started-at="2017-09-12T18:05:43Z" finished-at="2017-09-12T18:05:43Z">
          <reporter-output>
          </reporter-output>
        </test-method> <!-- initDriver -->
        <test-method status="PASS" signature="searchByHistory()[pri:0, instance:com.yiibai.primera.testng.cases.HomeTest@4f063c0a]" name="searchByHistory" duration-ms="33738" started-at="2017-09-12T18:05:43Z" finished-at="2017-09-12T18:06:17Z">
          <reporter-output>
          </reporter-output>
        </test-method> <!-- searchByHistory -->
        <test-method status="PASS" signature="initDriver()[pri:0, instance:com.yiibai.primera.testng.cases.HomeTest@4f063c0a]" name="initDriver" is-config="true" duration-ms="16" started-at="2017-09-12T18:06:17Z" finished-at="2017-09-12T18:06:17Z">
          <reporter-output>
          </reporter-output>
        </test-method> <!-- initDriver -->
        <test-method status="PASS" signature="searchByInput()[pri:0, instance:com.yiibai.primera.testng.cases.HomeTest@4f063c0a]" name="searchByInput" duration-ms="42136" started-at="2017-09-12T18:06:17Z" finished-at="2017-09-12T18:06:59Z">
          <reporter-output>
          </reporter-output>
        </test-method> <!-- searchByInput -->
        <test-method status="PASS" signature="initDriver()[pri:0, instance:com.yiibai.primera.testng.cases.HomeTest@4f063c0a]" name="initDriver" is-config="true" duration-ms="16" started-at="2017-09-12T18:06:59Z" finished-at="2017-09-12T18:06:59Z">
          <reporter-output>
          </reporter-output>
        </test-method> <!-- initDriver -->
        <test-method status="PASS" signature="morningPaper()[pri:0, instance:com.yiibai.primera.testng.cases.HomeTest@4f063c0a]" name="morningPaper" duration-ms="7952" started-at="2017-09-12T18:06:59Z" finished-at="2017-09-12T18:07:07Z">
          <reporter-output>
          </reporter-output>
        </test-method> <!-- morningPaper -->
        <test-method status="PASS" signature="afterClass()[pri:0, instance:com.yiibai.primera.testng.cases.HomeTest@4f063c0a]" name="afterClass" is-config="true" duration-ms="1411" started-at="2017-09-12T18:07:07Z" finished-at="2017-09-12T18:07:09Z">
          <reporter-output>
          </reporter-output>
        </test-method> <!-- afterClass -->
      </class> <!-- com.yiibai.primera.testng.cases.HomeTest -->
      <class name="com.yiibai.primera.testng.cases.PersonalCenterTest">
        <test-method status="PASS" signature="beforeSuite()[pri:0, instance:com.yiibai.primera.testng.cases.PersonalCenterTest@6737fd8f]" name="beforeSuite" is-config="true" duration-ms="40008" started-at="2017-09-12T18:22:44Z" finished-at="2017-09-12T18:23:24Z">
          <reporter-output>
          </reporter-output>
        </test-method> <!-- beforeSuite -->
        <test-method status="PASS" signature="initDriver()[pri:0, instance:com.yiibai.primera.testng.cases.PersonalCenterTest@6737fd8f]" name="initDriver" is-config="true" duration-ms="25" started-at="2017-09-12T18:23:24Z" finished-at="2017-09-12T18:23:24Z">
          <reporter-output>
          </reporter-output>
        </test-method> <!-- initDriver -->
        <test-method status="PASS" signature="myCollection()[pri:0, instance:com.yiibai.primera.testng.cases.PersonalCenterTest@6737fd8f]" name="myCollection" duration-ms="27162" started-at="2017-09-12T18:23:24Z" finished-at="2017-09-12T18:23:51Z">
          <reporter-output>
          </reporter-output>
        </test-method> <!-- myCollection -->
        <test-method status="PASS" signature="afterClass()[pri:0, instance:com.yiibai.primera.testng.cases.PersonalCenterTest@6737fd8f]" name="afterClass" is-config="true" duration-ms="1392" started-at="2017-09-12T18:23:51Z" finished-at="2017-09-12T18:23:52Z">
          <reporter-output>
          </reporter-output>
        </test-method> <!-- afterClass -->
      </class> <!-- com.yiibai.primera.testng.cases.PersonalCenterTest -->
    </test> <!-- testAll -->
  </suite> <!-- Suite -->
</testng-results>
